<?xml version="1.0" encoding="UTF-8"?>
<!-- Generated by org.testng.reporters.JUnitReportReporter -->
<testsuite hostname="EPBYMINW1458" failures="0" tests="1" name="automation.AppTest" time="13.956" errors="0" timestamp="2022-10-17T17:40:34 CEST" skipped="0">
  <testcase classname="automation.AppTest" name="shouldAnswerWithTrue" time="13.956"/>
  <system-out/>
</testsuite> <!-- automation.AppTest -->
