<?xml version="1.0" encoding="UTF-8"?>
<!-- Generated by org.testng.reporters.JUnitReportReporter -->
<testsuite hostname="EPBYMINW1458" failures="0" tests="1" name="automation.SelenideTest" time="5.234" errors="0" timestamp="2022-10-17T17:40:44 CEST" skipped="0">
  <testcase classname="automation.SelenideTest" name="userCanLoginByUsername" time="5.234"/>
  <system-out/>
</testsuite> <!-- automation.SelenideTest -->
