<?xml version="1.0" encoding="UTF-8"?>
<!-- Generated by org.testng.reporters.JUnitReportReporter -->
<testsuite hostname="EPBYMINW1458" failures="0" tests="2" name="automation.testNG.test.SearchTestsTestng" time="8.339" errors="0" timestamp="2022-11-07T15:21:32 CET" skipped="0">
  <testcase classname="automation.testNG.test.SearchTestsTestng" name="firstSearchResult" time="5.900"/>
  <system-out/>
  <testcase classname="automation.testNG.test.SearchTestsTestng" name="searchResultsAreEmpty" time="2.439"/>
  <system-out/>
</testsuite> <!-- automation.testNG.test.SearchTestsTestng -->
